<?xml version="1.0" encoding="UTF-8"?>
<testsuite name="io.qameta.allure.IssuesRestTest" tests="4" skipped="0" failures="0" errors="0" timestamp="2025-05-16T16:16:32" hostname="gogi-mbp.local" time="0.256">
  <properties/>
  <testcase name="(First Note)" classname="io.qameta.allure.IssuesRestTest" time="0.232"/>
  <testcase name="(Second Note)" classname="io.qameta.allure.IssuesRestTest" time="0.005"/>
  <testcase name="(First Note)" classname="io.qameta.allure.IssuesRestTest" time="0.002"/>
  <testcase name="(Second Note)" classname="io.qameta.allure.IssuesRestTest" time="0.003"/>
  <system-out><![CDATA[]]></system-out>
  <system-err><![CDATA[]]></system-err>
</testsuite>
